Mon Mar 17 18:14:58 UTC 2025
Tue Mar 18 13:16:58 UTC 2025
Wed Mar 19 13:16:24 UTC 2025
Thu Mar 20 13:14:45 UTC 2025
Fri Mar 21 13:14:28 UTC 2025
Sat Mar 22 13:00:43 UTC 2025
Sun Mar 23 13:01:16 UTC 2025
Mon Mar 24 13:18:04 UTC 2025
Tue Mar 25 13:17:59 UTC 2025
Wed Mar 26 13:18:04 UTC 2025
Thu Mar 27 13:16:53 UTC 2025
Fri Mar 28 13:15:50 UTC 2025
Sat Mar 29 13:02:21 UTC 2025
Sun Mar 30 13:02:28 UTC 2025
Mon Mar 31 13:18:57 UTC 2025
Tue Apr  1 13:35:27 UTC 2025
Wed Apr  2 13:18:53 UTC 2025
Thu Apr  3 13:18:17 UTC 2025
Fri Apr  4 13:16:52 UTC 2025
Sat Apr  5 13:01:35 UTC 2025
Sun Apr  6 13:02:20 UTC 2025
Mon Apr  7 13:35:02 UTC 2025
Tue Apr  8 13:34:22 UTC 2025
Wed Apr  9 13:37:04 UTC 2025
Thu Apr 10 13:19:11 UTC 2025
Fri Apr 11 13:17:43 UTC 2025
Sat Apr 12 13:02:09 UTC 2025
Sun Apr 13 13:03:48 UTC 2025
Mon Apr 14 13:35:47 UTC 2025
Tue Apr 15 13:36:01 UTC 2025
Wed Apr 16 13:34:26 UTC 2025
Thu Apr 17 13:18:22 UTC 2025
